<?xml version="1.0" encoding="UTF-8" ?>
<testsuite errors="0" failures="0" hostname="Guobaos-MacBook-Pro.local" name="edu.umn.csci5801.testing.GRADSTestDriver" skipped="0" tests="36" time="0.348" timestamp="2014-12-14T02:36:07">
  <properties>
[...]
</properties>
  <testcase classname="edu.umn.csci5801.testing.GRADSTestDriver" name="testGetStudentIDsGPCUser" time="0.062" />
  <testcase classname="edu.umn.csci5801.testing.GRADSTestDriver" name="checkNoCourseImpact" time="0.01" />
  <testcase classname="edu.umn.csci5801.testing.GRADSTestDriver" name="testGetTranscriptStudent" time="0.019" />
  <testcase classname="edu.umn.csci5801.testing.GRADSTestDriver" name="testGenerateProgressSummaryPHDStudentUser" time="0.017" />
  <testcase classname="edu.umn.csci5801.testing.GRADSTestDriver" name="testAddNote" time="0.022" />
  <testcase classname="edu.umn.csci5801.testing.GRADSTestDriver" name="testGenerateProgressSummaryMS_BStudent" time="0.018" />
  <testcase classname="edu.umn.csci5801.testing.GRADSTestDriver" name="checkMultipleCourseImpact" time="0.005" />
  <testcase classname="edu.umn.csci5801.testing.GRADSTestDriver" name="testLoadCoursesException" time="0.004" />
  <testcase classname="edu.umn.csci5801.testing.GRADSTestDriver" name="testGenerateProgressSummaryMS_A" time="0.013" />
  <testcase classname="edu.umn.csci5801.testing.GRADSTestDriver" name="testGenerateProgressSummaryMS_B" time="0.009" />
  <testcase classname="edu.umn.csci5801.testing.GRADSTestDriver" name="testGenerateProgressSummaryMS_C" time="0.009" />
  <testcase classname="edu.umn.csci5801.testing.GRADSTestDriver" name="checkImpactIncorrectPermission" time="0.003" />
  <testcase classname="edu.umn.csci5801.testing.GRADSTestDriver" name="testAddNoteIncorrectPermissionsException" time="0.003" />
  <testcase classname="edu.umn.csci5801.testing.GRADSTestDriver" name="testSetUserException" time="0.002" />
  <testcase classname="edu.umn.csci5801.testing.GRADSTestDriver" name="testGetUser" time="0.002" />
  <testcase classname="edu.umn.csci5801.testing.GRADSTestDriver" name="testLoadCourses" time="0.004" />
  <testcase classname="edu.umn.csci5801.testing.GRADSTestDriver" name="testLoadRecords" time="0.003" />
  <testcase classname="edu.umn.csci5801.testing.GRADSTestDriver" name="testGenerateProgressSummaryMS_AStudentUser" time="0.01" />
  <testcase classname="edu.umn.csci5801.testing.GRADSTestDriver" name="testUpdateTranscript" time="0.015" />
  <testcase classname="edu.umn.csci5801.testing.GRADSTestDriver" name="checkSingleCourseWithNoImpact" time="0.003" />
  <testcase classname="edu.umn.csci5801.testing.GRADSTestDriver" name="testGenerateProgressSummaryMS_CStudent" time="0.008" />
  <testcase classname="edu.umn.csci5801.testing.GRADSTestDriver" name="testLoadUsersException" time="0.002" />
  <testcase classname="edu.umn.csci5801.testing.GRADSTestDriver" name="testUpdateTranscriptIncorrectPermissionsException" time="0.001" />
  <testcase classname="edu.umn.csci5801.testing.GRADSTestDriver" name="testLoadRecordsException" time="0.002" />
  <testcase classname="edu.umn.csci5801.testing.GRADSTestDriver" name="testGetStudentIDsStudent" time="0.002" />
  <testcase classname="edu.umn.csci5801.testing.GRADSTestDriver" name="testGetTranscriptIdNotFoundException" time="0.002" />
  <testcase classname="edu.umn.csci5801.testing.GRADSTestDriver" name="testGetTranscriptStudentInCorrectPermissionsException" time="0.004" />
  <testcase classname="edu.umn.csci5801.testing.GRADSTestDriver" name="testSetUser" time="0.002" />
  <testcase classname="edu.umn.csci5801.testing.GRADSTestDriver" name="checkSingleCourseImpact" time="0.002" />
  <testcase classname="edu.umn.csci5801.testing.GRADSTestDriver" name="testGetTranscriptGPC" time="0.005" />
  <testcase classname="edu.umn.csci5801.testing.GRADSTestDriver" name="checkEmptyTranscriptPHD" time="0.004" />
  <testcase classname="edu.umn.csci5801.testing.GRADSTestDriver" name="testGenerateProgressSummaryPHD" time="0.007" />
  <testcase classname="edu.umn.csci5801.testing.GRADSTestDriver" name="testLoadUsers" time="0.002" />
  <testcase classname="edu.umn.csci5801.testing.GRADSTestDriver" name="checkEmptyTranscriptMS_A" time="0.005" />
  <testcase classname="edu.umn.csci5801.testing.GRADSTestDriver" name="checkEmptyTranscriptMS_B" time="0.006" />
  <testcase classname="edu.umn.csci5801.testing.GRADSTestDriver" name="checkEmptyTranscriptMS_C" time="0.004" />
  <system-out><![CDATA[]]></system-out>
  <system-err><![CDATA[]]></system-err>
</testsuite>
